{"level":"info","message":"Hello from Acquisitions!","service":"acquisitions-api"}
{"level":"info","message":"::1 - - [23/Sep/2025:15:19:25 +0000] \"GET / HTTP/1.1\" 200 23 \"-\" \"Mozilla/5.0 (Macintosh; Intel Mac OS X 10_15_7) AppleWebKit/537.36 (KHTML, like Gecko) Chrome/140.0.0.0 Safari/537.36\"","service":"acquisitions-api"}
{"level":"info","message":"Hello from Acquisitions!","service":"acquisitions-api"}
{"level":"info","message":"::1 - - [23/Sep/2025:15:48:21 +0000] \"GET / HTTP/1.1\" 200 23 \"-\" \"HTTPie\"","service":"acquisitions-api"}
{"level":"info","message":"::1 - - [24/Sep/2025:11:09:09 +0000] \"POST /api/auth/sign-up HTTP/1.1\" 400 59 \"-\" \"HTTPie\"","service":"acquisitions-api"}
{"level":"info","message":"::1 - - [24/Sep/2025:11:12:49 +0000] \"POST /api/auth/sign-up HTTP/1.1\" 400 59 \"-\" \"HTTPie\"","service":"acquisitions-api"}
{"level":"info","message":"User registered successfully: iraa@gma.com ","service":"acquisitions-api"}
{"level":"info","message":"::1 - - [24/Sep/2025:11:14:38 +0000] \"POST /api/auth/sign-up HTTP/1.1\" 201 99 \"-\" \"HTTPie\"","service":"acquisitions-api"}
{"level":"info","message":"::1 - - [24/Sep/2025:11:14:50 +0000] \"POST /api/auth/sign-up HTTP/1.1\" 400 59 \"-\" \"HTTPie\"","service":"acquisitions-api"}
{"level":"info","message":"::1 - - [24/Sep/2025:11:16:11 +0000] \"POST /api/auth/sign-up HTTP/1.1\" 400 92 \"-\" \"HTTPie\"","service":"acquisitions-api"}
{"level":"info","message":"::1 - - [24/Sep/2025:11:16:50 +0000] \"POST /api/auth/sign-up HTTP/1.1\" 400 92 \"-\" \"HTTPie\"","service":"acquisitions-api"}
{"level":"info","message":"::1 - - [24/Sep/2025:11:17:33 +0000] \"POST /api/auth/sign-up HTTP/1.1\" 400 92 \"-\" \"HTTPie\"","service":"acquisitions-api"}
{"level":"info","message":"::1 - - [24/Sep/2025:11:22:03 +0000] \"POST /api/auth/sign-up HTTP/1.1\" 400 92 \"-\" \"HTTPie\"","service":"acquisitions-api"}
{"level":"info","message":"Hello from Acquisitions!","service":"acquisitions-api"}
{"level":"info","message":"::1 - - [24/Sep/2025:13:38:07 +0000] \"GET / HTTP/1.1\" 304 - \"-\" \"Mozilla/5.0 (Macintosh; Intel Mac OS X 10_15_7) AppleWebKit/537.36 (KHTML, like Gecko) Chrome/140.0.0.0 Safari/537.36\"","service":"acquisitions-api"}
{"level":"error","message":"Error creating User: ReferenceError: Users is not defined","service":"acquisitions-api"}
{"level":"error","message":"Sign up error Users is not defined","service":"acquisitions-api","stack":"ReferenceError: Users is not defined\n    at createUser (file:///Users/porin/Desktop/acquisitions/src/services/auth.service.js:18:62)\n    at signUp (file:///Users/porin/Desktop/acquisitions/src/controllers/auth.controller.js:18:27)\n    at Layer.handleRequest (/Users/porin/Desktop/acquisitions/node_modules/router/lib/layer.js:152:17)\n    at next (/Users/porin/Desktop/acquisitions/node_modules/router/lib/route.js:157:13)\n    at Route.dispatch (/Users/porin/Desktop/acquisitions/node_modules/router/lib/route.js:117:3)\n    at handle (/Users/porin/Desktop/acquisitions/node_modules/router/index.js:435:11)\n    at Layer.handleRequest (/Users/porin/Desktop/acquisitions/node_modules/router/lib/layer.js:152:17)\n    at /Users/porin/Desktop/acquisitions/node_modules/router/index.js:295:15\n    at processParams (/Users/porin/Desktop/acquisitions/node_modules/router/index.js:582:12)\n    at next (/Users/porin/Desktop/acquisitions/node_modules/router/index.js:291:5)"}
{"level":"info","message":"::1 - - [28/Sep/2025:08:24:57 +0000] \"POST /api/auth/sign-up HTTP/1.1\" 500 366 \"-\" \"HTTPie\"","service":"acquisitions-api"}
{"level":"error","message":"Error creating User: TypeError: object is not iterable (cannot read property Symbol(Symbol.iterator))","service":"acquisitions-api"}
{"level":"error","message":"Sign up error object is not iterable (cannot read property Symbol(Symbol.iterator))","service":"acquisitions-api","stack":"TypeError: object is not iterable (cannot read property Symbol(Symbol.iterator))\n    at createUser (file:///Users/porin/Desktop/acquisitions/src/services/auth.service.js:21:25)\n    at async signUp (file:///Users/porin/Desktop/acquisitions/src/controllers/auth.controller.js:18:21)"}
{"level":"info","message":"::1 - - [28/Sep/2025:08:26:02 +0000] \"POST /api/auth/sign-up HTTP/1.1\" 500 270 \"-\" \"HTTPie\"","service":"acquisitions-api"}
{"level":"error","message":"Error creating User: TypeError: object is not iterable (cannot read property Symbol(Symbol.iterator))","service":"acquisitions-api"}
{"level":"error","message":"Sign up error object is not iterable (cannot read property Symbol(Symbol.iterator))","service":"acquisitions-api","stack":"TypeError: object is not iterable (cannot read property Symbol(Symbol.iterator))\n    at createUser (file:///Users/porin/Desktop/acquisitions/src/services/auth.service.js:21:25)\n    at async signUp (file:///Users/porin/Desktop/acquisitions/src/controllers/auth.controller.js:18:21)"}
{"level":"info","message":"::1 - - [28/Sep/2025:08:27:46 +0000] \"POST /api/auth/sign-up HTTP/1.1\" 500 433 \"-\" \"HTTPie\"","service":"acquisitions-api"}
{"level":"error","message":"Error creating User: TypeError: object is not iterable (cannot read property Symbol(Symbol.iterator))","service":"acquisitions-api"}
{"level":"error","message":"Sign up error object is not iterable (cannot read property Symbol(Symbol.iterator))","service":"acquisitions-api","stack":"TypeError: object is not iterable (cannot read property Symbol(Symbol.iterator))\n    at createUser (file:///Users/porin/Desktop/acquisitions/src/services/auth.service.js:21:25)\n    at async signUp (file:///Users/porin/Desktop/acquisitions/src/controllers/auth.controller.js:18:21)"}
{"level":"info","message":"::1 - - [28/Sep/2025:08:31:07 +0000] \"POST /api/auth/sign-up HTTP/1.1\" 500 433 \"-\" \"HTTPie\"","service":"acquisitions-api"}
{"level":"info","message":"User iraa@gma.com created successfully","service":"acquisitions-api"}
{"level":"error","message":"Failed to authenticate a Token JWT_SECRET is not defined","service":"acquisitions-api","stack":"ReferenceError: JWT_SECRET is not defined\n    at Object.sign (file:///Users/porin/Desktop/acquisitions/src/utils/jwt.js:11:37)\n    at signUp (file:///Users/porin/Desktop/acquisitions/src/controllers/auth.controller.js:20:30)\n    at process.processTicksAndRejections (node:internal/process/task_queues:105:5)"}
{"level":"error","message":"Sign up error Failed to authenticate Token","service":"acquisitions-api","stack":"Error: Failed to authenticate Token\n    at Object.sign (file:///Users/porin/Desktop/acquisitions/src/utils/jwt.js:14:19)\n    at signUp (file:///Users/porin/Desktop/acquisitions/src/controllers/auth.controller.js:20:30)\n    at process.processTicksAndRejections (node:internal/process/task_queues:105:5)"}
{"level":"info","message":"::1 - - [28/Sep/2025:08:32:17 +0000] \"POST /api/auth/sign-up HTTP/1.1\" 500 467 \"-\" \"HTTPie\"","service":"acquisitions-api"}
{"level":"error","message":"Error creating User: Error: Failed query: insert into \"Users\" (\"id\", \"name\", \"email\", \"password\", \"role\", \"created_at\", \"updated_at\") values (default, $1, $2, $3, $4, default, default) returning \"id\", \"name\", \"email\", \"role\", \"created_at\"\nparams: irakoze,iraa@gma.com,$2b$10$E748jOwKBunT0jfBeoreUuTRDYaZvDcvhrnEDxdJpq3pHLoW4jsTy,user","service":"acquisitions-api"}
{"cause":{"code":"23505","constraint":"Users_email_unique","detail":"Key (email)=(iraa@gma.com) already exists.","file":"nbtinsert.c","line":"666","name":"NeonDbError","routine":"_bt_check_unique","schema":"public","severity":"ERROR","table":"Users"},"level":"error","message":"Sign up error Failed query: insert into \"Users\" (\"id\", \"name\", \"email\", \"password\", \"role\", \"created_at\", \"updated_at\") values (default, $1, $2, $3, $4, default, default) returning \"id\", \"name\", \"email\", \"role\", \"created_at\"\nparams: irakoze,iraa@gma.com,$2b$10$E748jOwKBunT0jfBeoreUuTRDYaZvDcvhrnEDxdJpq3pHLoW4jsTy,user","params":["irakoze","iraa@gma.com","$2b$10$E748jOwKBunT0jfBeoreUuTRDYaZvDcvhrnEDxdJpq3pHLoW4jsTy","user"],"query":"insert into \"Users\" (\"id\", \"name\", \"email\", \"password\", \"role\", \"created_at\", \"updated_at\") values (default, $1, $2, $3, $4, default, default) returning \"id\", \"name\", \"email\", \"role\", \"created_at\"","service":"acquisitions-api","stack":"Error: Failed query: insert into \"Users\" (\"id\", \"name\", \"email\", \"password\", \"role\", \"created_at\", \"updated_at\") values (default, $1, $2, $3, $4, default, default) returning \"id\", \"name\", \"email\", \"role\", \"created_at\"\nparams: irakoze,iraa@gma.com,$2b$10$E748jOwKBunT0jfBeoreUuTRDYaZvDcvhrnEDxdJpq3pHLoW4jsTy,user\n    at NeonHttpPreparedQuery.queryWithCache (file:///Users/porin/Desktop/acquisitions/node_modules/drizzle-orm/pg-core/session.js:41:15)\n    at process.processTicksAndRejections (node:internal/process/task_queues:105:5)\n    at async NeonHttpPreparedQuery.execute (file:///Users/porin/Desktop/acquisitions/node_modules/drizzle-orm/neon-http/session.js:45:20)\n    at async createUser (file:///Users/porin/Desktop/acquisitions/src/services/auth.service.js:21:26)\n    at async signUp (file:///Users/porin/Desktop/acquisitions/src/controllers/auth.controller.js:18:21)"}
{"level":"info","message":"::1 - - [28/Sep/2025:08:35:58 +0000] \"POST /api/auth/sign-up HTTP/1.1\" 500 1201 \"-\" \"HTTPie\"","service":"acquisitions-api"}
{"level":"error","message":"Error creating User: Error: Failed query: insert into \"Users\" (\"id\", \"name\", \"email\", \"password\", \"role\", \"created_at\", \"updated_at\") values (default, $1, $2, $3, $4, default, default) returning \"id\", \"name\", \"email\", \"role\", \"created_at\"\nparams: irakoze,iraa@gma.com,$2b$10$iB4PI3VolXnOofNjAaQyOuI4cVokhxRVVIjsTKt.p0I/cq2qe0xTu,user","service":"acquisitions-api"}
{"cause":{"code":"23505","constraint":"Users_email_unique","detail":"Key (email)=(iraa@gma.com) already exists.","file":"nbtinsert.c","line":"666","name":"NeonDbError","routine":"_bt_check_unique","schema":"public","severity":"ERROR","table":"Users"},"level":"error","message":"Sign up error Failed query: insert into \"Users\" (\"id\", \"name\", \"email\", \"password\", \"role\", \"created_at\", \"updated_at\") values (default, $1, $2, $3, $4, default, default) returning \"id\", \"name\", \"email\", \"role\", \"created_at\"\nparams: irakoze,iraa@gma.com,$2b$10$iB4PI3VolXnOofNjAaQyOuI4cVokhxRVVIjsTKt.p0I/cq2qe0xTu,user","params":["irakoze","iraa@gma.com","$2b$10$iB4PI3VolXnOofNjAaQyOuI4cVokhxRVVIjsTKt.p0I/cq2qe0xTu","user"],"query":"insert into \"Users\" (\"id\", \"name\", \"email\", \"password\", \"role\", \"created_at\", \"updated_at\") values (default, $1, $2, $3, $4, default, default) returning \"id\", \"name\", \"email\", \"role\", \"created_at\"","service":"acquisitions-api","stack":"Error: Failed query: insert into \"Users\" (\"id\", \"name\", \"email\", \"password\", \"role\", \"created_at\", \"updated_at\") values (default, $1, $2, $3, $4, default, default) returning \"id\", \"name\", \"email\", \"role\", \"created_at\"\nparams: irakoze,iraa@gma.com,$2b$10$iB4PI3VolXnOofNjAaQyOuI4cVokhxRVVIjsTKt.p0I/cq2qe0xTu,user\n    at NeonHttpPreparedQuery.queryWithCache (file:///Users/porin/Desktop/acquisitions/node_modules/drizzle-orm/pg-core/session.js:41:15)\n    at process.processTicksAndRejections (node:internal/process/task_queues:105:5)\n    at async NeonHttpPreparedQuery.execute (file:///Users/porin/Desktop/acquisitions/node_modules/drizzle-orm/neon-http/session.js:45:20)\n    at async createUser (file:///Users/porin/Desktop/acquisitions/src/services/auth.service.js:21:26)\n    at async signUp (file:///Users/porin/Desktop/acquisitions/src/controllers/auth.controller.js:18:21)"}
{"level":"info","message":"::1 - - [28/Sep/2025:08:36:32 +0000] \"POST /api/auth/sign-up HTTP/1.1\" 500 1201 \"-\" \"HTTPie\"","service":"acquisitions-api"}
{"level":"info","message":"User iraakj@gma.com created successfully","service":"acquisitions-api"}
{"level":"info","message":"User registered successfully: iraakj@gma.com ","service":"acquisitions-api"}
{"level":"info","message":"::1 - - [28/Sep/2025:08:39:28 +0000] \"POST /api/auth/sign-up HTTP/1.1\" 201 101 \"-\" \"HTTPie\"","service":"acquisitions-api"}
{"level":"info","message":"User jojo@gma.com created successfully","service":"acquisitions-api"}
{"level":"info","message":"User registered successfully: jojo@gma.com ","service":"acquisitions-api"}
{"level":"info","message":"::1 - - [28/Sep/2025:09:51:47 +0000] \"POST /api/auth/sign-up HTTP/1.1\" 201 100 \"-\" \"HTTPie\"","service":"acquisitions-api"}
{"level":"info","message":"User authenticated successfully: jojo@gma.com","service":"acquisitions-api"}
{"level":"info","message":"User signed in successfully: jojo@gma.com","service":"acquisitions-api"}
{"level":"info","message":"::1 - - [28/Sep/2025:09:52:07 +0000] \"POST /api/auth/sign-in HTTP/1.1\" 200 99 \"-\" \"HTTPie\"","service":"acquisitions-api"}
{"level":"info","message":"User signed out successfully","service":"acquisitions-api"}
{"level":"info","message":"::1 - - [28/Sep/2025:09:52:56 +0000] \"POST /api/auth/sign-out HTTP/1.1\" 200 29 \"-\" \"HTTPie\"","service":"acquisitions-api"}
{"level":"info","message":"::1 - - [28/Sep/2025:11:41:30 +0000] \"POST /api/health HTTP/1.1\" - - \"-\" \"HTTPie\"","service":"acquisitions-api"}
{"level":"info","message":"::1 - - [28/Sep/2025:11:43:29 +0000] \"POST /api/health HTTP/1.1\" - - \"-\" \"HTTPie\"","service":"acquisitions-api"}
{"level":"info","message":"::1 - - [28/Sep/2025:11:46:25 +0000] \"GET /api/health HTTP/1.1\" - - \"-\" \"HTTPie\"","service":"acquisitions-api"}
{"level":"info","message":"::1 - - [28/Sep/2025:11:47:19 +0000] \"GET /api/healthh HTTP/1.1\" - - \"-\" \"HTTPie\"","service":"acquisitions-api"}
{"level":"info","message":"::1 - - [28/Sep/2025:11:47:35 +0000] \"GET /api/health HTTP/1.1\" - - \"-\" \"HTTPie\"","service":"acquisitions-api"}
{"level":"info","message":"::1 - - [28/Sep/2025:11:48:53 +0000] \"GET /api/health HTTP/1.1\" 200 75 \"-\" \"HTTPie\"","service":"acquisitions-api"}
{"level":"info","message":"::1 - - [28/Sep/2025:11:49:13 +0000] \"GET /api/health HTTP/1.1\" 200 75 \"-\" \"HTTPie\"","service":"acquisitions-api"}
{"level":"info","message":"::1 - - [28/Sep/2025:11:49:15 +0000] \"GET /api/health HTTP/1.1\" 200 74 \"-\" \"HTTPie\"","service":"acquisitions-api"}
{"level":"info","message":"::1 - - [28/Sep/2025:11:49:15 +0000] \"GET /api/health HTTP/1.1\" 200 75 \"-\" \"HTTPie\"","service":"acquisitions-api"}
{"level":"info","message":"::1 - - [28/Sep/2025:11:49:18 +0000] \"GET /api/health HTTP/1.1\" 200 75 \"-\" \"HTTPie\"","service":"acquisitions-api"}
{"ip":"::1","level":"warn","message":"Rate Limit exceeded","path":"/api/health","service":"acquisitions-api","userAgent":"HTTPie"}
{"level":"info","message":"::1 - - [28/Sep/2025:11:49:19 +0000] \"GET /api/health HTTP/1.1\" 403 51 \"-\" \"HTTPie\"","service":"acquisitions-api"}
{"level":"info","message":"::1 - - [28/Sep/2025:11:50:05 +0000] \"GET /api/health HTTP/1.1\" 200 76 \"-\" \"HTTPie\"","service":"acquisitions-api"}
{"ip":"::1","level":"warn","message":"Rate Limit exceeded","path":"/api/health","service":"acquisitions-api","userAgent":"HTTPie"}
{"level":"info","message":"::1 - - [28/Sep/2025:11:50:07 +0000] \"GET /api/health HTTP/1.1\" 403 51 \"-\" \"HTTPie\"","service":"acquisitions-api"}
{"ip":"::1","level":"warn","message":"Rate Limit exceeded","path":"/api/health","service":"acquisitions-api","userAgent":"HTTPie"}
{"level":"info","message":"::1 - - [28/Sep/2025:11:50:08 +0000] \"GET /api/health HTTP/1.1\" 403 51 \"-\" \"HTTPie\"","service":"acquisitions-api"}
{"ip":"::1","level":"warn","message":"Rate Limit exceeded","path":"/api/health","service":"acquisitions-api","userAgent":"HTTPie"}
{"level":"info","message":"::1 - - [28/Sep/2025:11:50:09 +0000] \"GET /api/health HTTP/1.1\" 403 51 \"-\" \"HTTPie\"","service":"acquisitions-api"}
{"ip":"::1","level":"warn","message":"Rate Limit exceeded","path":"/api/health","service":"acquisitions-api","userAgent":"HTTPie"}
{"level":"info","message":"::1 - - [28/Sep/2025:11:50:09 +0000] \"GET /api/health HTTP/1.1\" 403 51 \"-\" \"HTTPie\"","service":"acquisitions-api"}
{"ip":"::1","level":"warn","message":"Rate Limit exceeded","path":"/api/health","service":"acquisitions-api","userAgent":"HTTPie"}
{"level":"info","message":"::1 - - [28/Sep/2025:11:50:10 +0000] \"GET /api/health HTTP/1.1\" 403 51 \"-\" \"HTTPie\"","service":"acquisitions-api"}
